<?xml version="1.0" encoding="UTF-8"?>
<testsuite xmlns:xsi="http://www.w3.org/2001/XMLSchema-instance" xsi:noNamespaceSchemaLocation="https://maven.apache.org/surefire/maven-surefire-plugin/xsd/surefire-test-report-3.0.xsd" version="3.0" name="TestSuite" time="17.261" tests="1" errors="0" skipped="0" failures="0">
  <properties>
    <property name="sun.desktop" value="windows"/>
    <property name="awt.toolkit" value="sun.awt.windows.WToolkit"/>
    <property name="java.specification.version" value="11"/>
    <property name="webdriver.chrome.driver" value="C:\Users\HARDEEP SINGH\eclipse-workspace\Automation_VS_New\src\main\resources\BrowserDrivers\chromedriver.exe"/>
    <property name="sun.cpu.isalist" value="amd64"/>
    <property name="sun.jnu.encoding" value="Cp1252"/>
    <property name="java.class.path" value="C:\Users\HARDEEP SINGH\eclipse-workspace\Automation_VS_New\target\test-classes;C:\Users\HARDEEP SINGH\eclipse-workspace\Automation_VS_New\target\classes;C:\Users\HARDEEP SINGH\.m2\repository\org\seleniumhq\selenium\selenium-server\3.141.5\selenium-server-3.141.5.jar;C:\Users\HARDEEP SINGH\.m2\repository\org\seleniumhq\selenium\selenium-java\3.141.5\selenium-java-3.141.5.jar;C:\Users\HARDEEP SINGH\.m2\repository\org\seleniumhq\selenium\selenium-api\3.141.5\selenium-api-3.141.5.jar;C:\Users\HARDEEP SINGH\.m2\repository\org\seleniumhq\selenium\selenium-chrome-driver\3.141.5\selenium-chrome-driver-3.141.5.jar;C:\Users\HARDEEP SINGH\.m2\repository\org\seleniumhq\selenium\selenium-edge-driver\3.141.5\selenium-edge-driver-3.141.5.jar;C:\Users\HARDEEP SINGH\.m2\repository\org\seleniumhq\selenium\selenium-firefox-driver\3.141.5\selenium-firefox-driver-3.141.5.jar;C:\Users\HARDEEP SINGH\.m2\repository\org\seleniumhq\selenium\selenium-ie-driver\3.141.5\selenium-ie-driver-3.141.5.jar;C:\Users\HARDEEP SINGH\.m2\repository\org\seleniumhq\selenium\selenium-opera-driver\3.141.5\selenium-opera-driver-3.141.5.jar;C:\Users\HARDEEP SINGH\.m2\repository\org\seleniumhq\selenium\selenium-remote-driver\3.141.5\selenium-remote-driver-3.141.5.jar;C:\Users\HARDEEP SINGH\.m2\repository\org\seleniumhq\selenium\selenium-safari-driver\3.141.5\selenium-safari-driver-3.141.5.jar;C:\Users\HARDEEP SINGH\.m2\repository\org\seleniumhq\selenium\selenium-support\3.141.5\selenium-support-3.141.5.jar;C:\Users\HARDEEP SINGH\.m2\repository\com\beust\jcommander\1.72\jcommander-1.72.jar;C:\Users\HARDEEP SINGH\.m2\repository\net\bytebuddy\byte-buddy\1.8.15\byte-buddy-1.8.15.jar;C:\Users\HARDEEP SINGH\.m2\repository\org\apache\commons\commons-exec\1.3\commons-exec-1.3.jar;C:\Users\HARDEEP SINGH\.m2\repository\com\google\guava\guava\25.0-jre\guava-25.0-jre.jar;C:\Users\HARDEEP SINGH\.m2\repository\com\google\code\findbugs\jsr305\1.3.9\jsr305-1.3.9.jar;C:\Users\HARDEEP SINGH\.m2\repository\org\checkerframework\checker-compat-qual\2.0.0\checker-compat-qual-2.0.0.jar;C:\Users\HARDEEP SINGH\.m2\repository\com\google\errorprone\error_prone_annotations\2.1.3\error_prone_annotations-2.1.3.jar;C:\Users\HARDEEP SINGH\.m2\repository\com\google\j2objc\j2objc-annotations\1.1\j2objc-annotations-1.1.jar;C:\Users\HARDEEP SINGH\.m2\repository\org\codehaus\mojo\animal-sniffer-annotations\1.14\animal-sniffer-annotations-1.14.jar;C:\Users\HARDEEP SINGH\.m2\repository\net\jcip\jcip-annotations\1.0\jcip-annotations-1.0.jar;C:\Users\HARDEEP SINGH\.m2\repository\org\seleniumhq\selenium\jetty-repacked\9.4.12.v20180830\jetty-repacked-9.4.12.v20180830.jar;C:\Users\HARDEEP SINGH\.m2\repository\com\squareup\okhttp3\okhttp\3.11.0\okhttp-3.11.0.jar;C:\Users\HARDEEP SINGH\.m2\repository\com\squareup\okio\okio\1.14.0\okio-1.14.0.jar;C:\Users\HARDEEP SINGH\.m2\repository\javax\servlet\javax.servlet-api\3.1.0\javax.servlet-api-3.1.0.jar;C:\Users\HARDEEP SINGH\.m2\repository\org\yaml\snakeyaml\1.19\snakeyaml-1.19.jar;C:\Users\HARDEEP SINGH\.m2\repository\com\paulhammant\ngwebdriver\1.1.4\ngwebdriver-1.1.4.jar;C:\Users\HARDEEP SINGH\.m2\repository\io\cucumber\cucumber-java\7.10.1\cucumber-java-7.10.1.jar;C:\Users\HARDEEP SINGH\.m2\repository\io\cucumber\cucumber-core\7.10.1\cucumber-core-7.10.1.jar;C:\Users\HARDEEP SINGH\.m2\repository\io\cucumber\cucumber-gherkin\7.10.1\cucumber-gherkin-7.10.1.jar;C:\Users\HARDEEP SINGH\.m2\repository\io\cucumber\cucumber-gherkin-messages\7.10.1\cucumber-gherkin-messages-7.10.1.jar;C:\Users\HARDEEP SINGH\.m2\repository\io\cucumber\gherkin\25.0.2\gherkin-25.0.2.jar;C:\Users\HARDEEP SINGH\.m2\repository\io\cucumber\messages\19.1.4\messages-19.1.4.jar;C:\Users\HARDEEP SINGH\.m2\repository\io\cucumber\tag-expressions\4.1.0\tag-expressions-4.1.0.jar;C:\Users\HARDEEP SINGH\.m2\repository\io\cucumber\cucumber-expressions\16.1.1\cucumber-expressions-16.1.1.jar;C:\Users\HARDEEP SINGH\.m2\repository\io\cucumber\datatable\7.10.1\datatable-7.10.1.jar;C:\Users\HARDEEP SINGH\.m2\repository\io\cucumber\cucumber-plugin\7.10.1\cucumber-plugin-7.10.1.jar;C:\Users\HARDEEP SINGH\.m2\repository\io\cucumber\docstring\7.10.1\docstring-7.10.1.jar;C:\Users\HARDEEP SINGH\.m2\repository\io\cucumber\html-formatter\20.2.0\html-formatter-20.2.0.jar;C:\Users\HARDEEP SINGH\.m2\repository\io\cucumber\ci-environment\9.1.0\ci-environment-9.1.0.jar;C:\Users\HARDEEP SINGH\.m2\repository\org\apiguardian\apiguardian-api\1.1.2\apiguardian-api-1.1.2.jar;C:\Users\HARDEEP SINGH\.m2\repository\com\google\inject\guice\4.2.3\guice-4.2.3.jar;C:\Users\HARDEEP SINGH\.m2\repository\javax\inject\javax.inject\1\javax.inject-1.jar;C:\Users\HARDEEP SINGH\.m2\repository\aopalliance\aopalliance\1.0\aopalliance-1.0.jar;C:\Users\HARDEEP SINGH\.m2\repository\com\github\javafaker\javafaker\1.0.2\javafaker-1.0.2.jar;C:\Users\HARDEEP SINGH\.m2\repository\org\apache\commons\commons-lang3\3.5\commons-lang3-3.5.jar;C:\Users\HARDEEP SINGH\.m2\repository\org\yaml\snakeyaml\1.23\snakeyaml-1.23-android.jar;C:\Users\HARDEEP SINGH\.m2\repository\com\github\mifmif\generex\1.0.2\generex-1.0.2.jar;C:\Users\HARDEEP SINGH\.m2\repository\dk\brics\automaton\automaton\1.11-8\automaton-1.11-8.jar;C:\Users\HARDEEP SINGH\.m2\repository\io\cucumber\cucumber-guice\7.10.1\cucumber-guice-7.10.1.jar;C:\Users\HARDEEP SINGH\.m2\repository\io\cucumber\cucumber-testng\7.10.1\cucumber-testng-7.10.1.jar;C:\Users\HARDEEP SINGH\.m2\repository\info\cukes\cucumber-testng\1.2.5\cucumber-testng-1.2.5.jar;C:\Users\HARDEEP SINGH\.m2\repository\info\cukes\cucumber-core\1.2.5\cucumber-core-1.2.5.jar;C:\Users\HARDEEP SINGH\.m2\repository\info\cukes\cucumber-html\0.2.3\cucumber-html-0.2.3.jar;C:\Users\HARDEEP SINGH\.m2\repository\info\cukes\cucumber-jvm-deps\1.0.5\cucumber-jvm-deps-1.0.5.jar;C:\Users\HARDEEP SINGH\.m2\repository\info\cukes\gherkin\2.12.2\gherkin-2.12.2.jar;C:\Users\HARDEEP SINGH\.m2\repository\io\cucumber\cucumber-java8\7.10.1\cucumber-java8-7.10.1.jar;C:\Users\HARDEEP SINGH\.m2\repository\net\jodah\typetools\0.6.3\typetools-0.6.3.jar;C:\Users\HARDEEP SINGH\.m2\repository\junit\junit\4.12\junit-4.12.jar;C:\Users\HARDEEP SINGH\.m2\repository\org\hamcrest\hamcrest-core\1.3\hamcrest-core-1.3.jar;C:\Users\HARDEEP SINGH\.m2\repository\com\vimalselvam\cucumber-extentsreport\3.0.2\cucumber-extentsreport-3.0.2.jar;C:\Users\HARDEEP SINGH\.m2\repository\org\apache\maven\plugins\maven-compiler-plugin\3.8.1\maven-compiler-plugin-3.8.1.jar;C:\Users\HARDEEP SINGH\.m2\repository\org\apache\maven\maven-plugin-api\3.0\maven-plugin-api-3.0.jar;C:\Users\HARDEEP SINGH\.m2\repository\org\apache\maven\maven-model\3.0\maven-model-3.0.jar;C:\Users\HARDEEP SINGH\.m2\repository\org\sonatype\sisu\sisu-inject-plexus\1.4.2\sisu-inject-plexus-1.4.2.jar;C:\Users\HARDEEP SINGH\.m2\repository\org\sonatype\sisu\sisu-inject-bean\1.4.2\sisu-inject-bean-1.4.2.jar;C:\Users\HARDEEP SINGH\.m2\repository\org\sonatype\sisu\sisu-guice\2.1.7\sisu-guice-2.1.7-noaop.jar;C:\Users\HARDEEP SINGH\.m2\repository\org\apache\maven\maven-artifact\3.0\maven-artifact-3.0.jar;C:\Users\HARDEEP SINGH\.m2\repository\org\codehaus\plexus\plexus-utils\2.0.4\plexus-utils-2.0.4.jar;C:\Users\HARDEEP SINGH\.m2\repository\org\apache\maven\maven-core\3.0\maven-core-3.0.jar;C:\Users\HARDEEP SINGH\.m2\repository\org\apache\maven\maven-settings\3.0\maven-settings-3.0.jar;C:\Users\HARDEEP SINGH\.m2\repository\org\apache\maven\maven-settings-builder\3.0\maven-settings-builder-3.0.jar;C:\Users\HARDEEP SINGH\.m2\repository\org\apache\maven\maven-repository-metadata\3.0\maven-repository-metadata-3.0.jar;C:\Users\HARDEEP SINGH\.m2\repository\org\apache\maven\maven-model-builder\3.0\maven-model-builder-3.0.jar;C:\Users\HARDEEP SINGH\.m2\repository\org\apache\maven\maven-aether-provider\3.0\maven-aether-provider-3.0.jar;C:\Users\HARDEEP SINGH\.m2\repository\org\sonatype\aether\aether-impl\1.7\aether-impl-1.7.jar;C:\Users\HARDEEP SINGH\.m2\repository\org\sonatype\aether\aether-spi\1.7\aether-spi-1.7.jar;C:\Users\HARDEEP SINGH\.m2\repository\org\sonatype\aether\aether-api\1.7\aether-api-1.7.jar;C:\Users\HARDEEP SINGH\.m2\repository\org\sonatype\aether\aether-util\1.7\aether-util-1.7.jar;C:\Users\HARDEEP SINGH\.m2\repository\org\codehaus\plexus\plexus-interpolation\1.14\plexus-interpolation-1.14.jar;C:\Users\HARDEEP SINGH\.m2\repository\org\codehaus\plexus\plexus-classworlds\2.2.3\plexus-classworlds-2.2.3.jar;C:\Users\HARDEEP SINGH\.m2\repository\org\codehaus\plexus\plexus-component-annotations\1.5.5\plexus-component-annotations-1.5.5.jar;C:\Users\HARDEEP SINGH\.m2\repository\org\sonatype\plexus\plexus-sec-dispatcher\1.3\plexus-sec-dispatcher-1.3.jar;C:\Users\HARDEEP SINGH\.m2\repository\org\sonatype\plexus\plexus-cipher\1.4\plexus-cipher-1.4.jar;C:\Users\HARDEEP SINGH\.m2\repository\org\apache\maven\shared\maven-shared-utils\3.2.1\maven-shared-utils-3.2.1.jar;C:\Users\HARDEEP SINGH\.m2\repository\commons-io\commons-io\2.5\commons-io-2.5.jar;C:\Users\HARDEEP SINGH\.m2\repository\org\apache\maven\shared\maven-shared-incremental\1.1\maven-shared-incremental-1.1.jar;C:\Users\HARDEEP SINGH\.m2\repository\org\codehaus\plexus\plexus-java\0.9.10\plexus-java-0.9.10.jar;C:\Users\HARDEEP SINGH\.m2\repository\org\ow2\asm\asm\6.2\asm-6.2.jar;C:\Users\HARDEEP SINGH\.m2\repository\com\thoughtworks\qdox\qdox\2.0-M8\qdox-2.0-M8.jar;C:\Users\HARDEEP SINGH\.m2\repository\org\codehaus\plexus\plexus-compiler-api\2.8.4\plexus-compiler-api-2.8.4.jar;C:\Users\HARDEEP SINGH\.m2\repository\org\codehaus\plexus\plexus-compiler-manager\2.8.4\plexus-compiler-manager-2.8.4.jar;C:\Users\HARDEEP SINGH\.m2\repository\org\codehaus\plexus\plexus-compiler-javac\2.8.4\plexus-compiler-javac-2.8.4.jar;C:\Users\HARDEEP SINGH\.m2\repository\org\apache\poi\poi-ooxml\3.9\poi-ooxml-3.9.jar;C:\Users\HARDEEP SINGH\.m2\repository\org\apache\poi\poi\3.9\poi-3.9.jar;C:\Users\HARDEEP SINGH\.m2\repository\commons-codec\commons-codec\1.5\commons-codec-1.5.jar;C:\Users\HARDEEP SINGH\.m2\repository\org\apache\poi\poi-ooxml-schemas\3.9\poi-ooxml-schemas-3.9.jar;C:\Users\HARDEEP SINGH\.m2\repository\org\apache\xmlbeans\xmlbeans\2.3.0\xmlbeans-2.3.0.jar;C:\Users\HARDEEP SINGH\.m2\repository\stax\stax-api\1.0.1\stax-api-1.0.1.jar;C:\Users\HARDEEP SINGH\.m2\repository\dom4j\dom4j\1.6.1\dom4j-1.6.1.jar;C:\Users\HARDEEP SINGH\.m2\repository\xml-apis\xml-apis\1.0.b2\xml-apis-1.0.b2.jar;C:\Users\HARDEEP SINGH\.m2\repository\com\aventstack\extentreports\3.1.2\extentreports-3.1.2.jar;C:\Users\HARDEEP SINGH\.m2\repository\org\freemarker\freemarker\2.3.23\freemarker-2.3.23.jar;C:\Users\HARDEEP SINGH\.m2\repository\org\mongodb\mongodb-driver\3.3.0\mongodb-driver-3.3.0.jar;C:\Users\HARDEEP SINGH\.m2\repository\org\mongodb\bson\3.3.0\bson-3.3.0.jar;C:\Users\HARDEEP SINGH\.m2\repository\org\mongodb\mongodb-driver-core\3.3.0\mongodb-driver-core-3.3.0.jar;C:\Users\HARDEEP SINGH\.m2\repository\org\apache\httpcomponents\httpclient\4.5.2\httpclient-4.5.2.jar;C:\Users\HARDEEP SINGH\.m2\repository\org\apache\httpcomponents\httpcore\4.4.4\httpcore-4.4.4.jar;C:\Users\HARDEEP SINGH\.m2\repository\org\apache\httpcomponents\httpmime\4.5.2\httpmime-4.5.2.jar;C:\Users\HARDEEP SINGH\.m2\repository\org\jsoup\jsoup\1.9.2\jsoup-1.9.2.jar;C:\Users\HARDEEP SINGH\.m2\repository\com\google\code\gson\gson\2.8.0\gson-2.8.0.jar;C:\Users\HARDEEP SINGH\.m2\repository\log4j\log4j\1.2.17\log4j-1.2.17.jar;C:\Users\HARDEEP SINGH\.m2\repository\org\ini4j\ini4j\0.5.4\ini4j-0.5.4.jar;C:\Users\HARDEEP SINGH\.m2\repository\org\testng\testng\7.7.0\testng-7.7.0.jar;C:\Users\HARDEEP SINGH\.m2\repository\org\slf4j\slf4j-api\1.7.36\slf4j-api-1.7.36.jar;C:\Users\HARDEEP SINGH\.m2\repository\org\webjars\jquery\3.6.1\jquery-3.6.1.jar;C:\Users\HARDEEP SINGH\.m2\repository\com\github\slaout\fork\info\cukesthreads\cucumber-junit\1.2.4\cucumber-junit-1.2.4.jar;C:\Users\HARDEEP SINGH\.m2\repository\com\github\slaout\fork\info\cukesthreads\cucumber-core\1.2.4\cucumber-core-1.2.4.jar;C:\Users\HARDEEP SINGH\.m2\repository\com\github\slaout\fork\info\cukesthreads\cucumber-java\1.2.4\cucumber-java-1.2.4.jar;C:\Users\HARDEEP SINGH\.m2\repository\commons-configuration\commons-configuration\1.9\commons-configuration-1.9.jar;C:\Users\HARDEEP SINGH\.m2\repository\commons-lang\commons-lang\2.6\commons-lang-2.6.jar;C:\Users\HARDEEP SINGH\.m2\repository\commons-logging\commons-logging\1.1.1\commons-logging-1.1.1.jar;"/>
    <property name="java.vm.vendor" value="Oracle Corporation"/>
    <property name="sun.arch.data.model" value="64"/>
    <property name="user.variant" value=""/>
    <property name="java.vendor.url" value="https://openjdk.java.net/"/>
    <property name="user.timezone" value="Asia/Calcutta"/>
    <property name="java.vm.specification.version" value="11"/>
    <property name="os.name" value="Windows 10"/>
    <property name="sun.java.launcher" value="SUN_STANDARD"/>
    <property name="user.country" value="IN"/>
    <property name="sun.boot.library.path" value="C:\Program Files\Java\jdk-11.0.16\bin"/>
    <property name="sun.java.command" value="C:\Users\HARDEEP SINGH\AppData\Local\Temp\surefire3932317235527422207\surefirebooter3731849463867965715.jar C:\Users\HARDEEP SINGH\AppData\Local\Temp\surefire3932317235527422207 2023-01-19T21-16-20_647-jvmRun1 surefire13387320102704765823tmp surefire_015123721916450195955tmp"/>
    <property name="jdk.debug" value="release"/>
    <property name="surefire.test.class.path" value="C:\Users\HARDEEP SINGH\eclipse-workspace\Automation_VS_New\target\test-classes;C:\Users\HARDEEP SINGH\eclipse-workspace\Automation_VS_New\target\classes;C:\Users\HARDEEP SINGH\.m2\repository\org\seleniumhq\selenium\selenium-server\3.141.5\selenium-server-3.141.5.jar;C:\Users\HARDEEP SINGH\.m2\repository\org\seleniumhq\selenium\selenium-java\3.141.5\selenium-java-3.141.5.jar;C:\Users\HARDEEP SINGH\.m2\repository\org\seleniumhq\selenium\selenium-api\3.141.5\selenium-api-3.141.5.jar;C:\Users\HARDEEP SINGH\.m2\repository\org\seleniumhq\selenium\selenium-chrome-driver\3.141.5\selenium-chrome-driver-3.141.5.jar;C:\Users\HARDEEP SINGH\.m2\repository\org\seleniumhq\selenium\selenium-edge-driver\3.141.5\selenium-edge-driver-3.141.5.jar;C:\Users\HARDEEP SINGH\.m2\repository\org\seleniumhq\selenium\selenium-firefox-driver\3.141.5\selenium-firefox-driver-3.141.5.jar;C:\Users\HARDEEP SINGH\.m2\repository\org\seleniumhq\selenium\selenium-ie-driver\3.141.5\selenium-ie-driver-3.141.5.jar;C:\Users\HARDEEP SINGH\.m2\repository\org\seleniumhq\selenium\selenium-opera-driver\3.141.5\selenium-opera-driver-3.141.5.jar;C:\Users\HARDEEP SINGH\.m2\repository\org\seleniumhq\selenium\selenium-remote-driver\3.141.5\selenium-remote-driver-3.141.5.jar;C:\Users\HARDEEP SINGH\.m2\repository\org\seleniumhq\selenium\selenium-safari-driver\3.141.5\selenium-safari-driver-3.141.5.jar;C:\Users\HARDEEP SINGH\.m2\repository\org\seleniumhq\selenium\selenium-support\3.141.5\selenium-support-3.141.5.jar;C:\Users\HARDEEP SINGH\.m2\repository\com\beust\jcommander\1.72\jcommander-1.72.jar;C:\Users\HARDEEP SINGH\.m2\repository\net\bytebuddy\byte-buddy\1.8.15\byte-buddy-1.8.15.jar;C:\Users\HARDEEP SINGH\.m2\repository\org\apache\commons\commons-exec\1.3\commons-exec-1.3.jar;C:\Users\HARDEEP SINGH\.m2\repository\com\google\guava\guava\25.0-jre\guava-25.0-jre.jar;C:\Users\HARDEEP SINGH\.m2\repository\com\google\code\findbugs\jsr305\1.3.9\jsr305-1.3.9.jar;C:\Users\HARDEEP SINGH\.m2\repository\org\checkerframework\checker-compat-qual\2.0.0\checker-compat-qual-2.0.0.jar;C:\Users\HARDEEP SINGH\.m2\repository\com\google\errorprone\error_prone_annotations\2.1.3\error_prone_annotations-2.1.3.jar;C:\Users\HARDEEP SINGH\.m2\repository\com\google\j2objc\j2objc-annotations\1.1\j2objc-annotations-1.1.jar;C:\Users\HARDEEP SINGH\.m2\repository\org\codehaus\mojo\animal-sniffer-annotations\1.14\animal-sniffer-annotations-1.14.jar;C:\Users\HARDEEP SINGH\.m2\repository\net\jcip\jcip-annotations\1.0\jcip-annotations-1.0.jar;C:\Users\HARDEEP SINGH\.m2\repository\org\seleniumhq\selenium\jetty-repacked\9.4.12.v20180830\jetty-repacked-9.4.12.v20180830.jar;C:\Users\HARDEEP SINGH\.m2\repository\com\squareup\okhttp3\okhttp\3.11.0\okhttp-3.11.0.jar;C:\Users\HARDEEP SINGH\.m2\repository\com\squareup\okio\okio\1.14.0\okio-1.14.0.jar;C:\Users\HARDEEP SINGH\.m2\repository\javax\servlet\javax.servlet-api\3.1.0\javax.servlet-api-3.1.0.jar;C:\Users\HARDEEP SINGH\.m2\repository\org\yaml\snakeyaml\1.19\snakeyaml-1.19.jar;C:\Users\HARDEEP SINGH\.m2\repository\com\paulhammant\ngwebdriver\1.1.4\ngwebdriver-1.1.4.jar;C:\Users\HARDEEP SINGH\.m2\repository\io\cucumber\cucumber-java\7.10.1\cucumber-java-7.10.1.jar;C:\Users\HARDEEP SINGH\.m2\repository\io\cucumber\cucumber-core\7.10.1\cucumber-core-7.10.1.jar;C:\Users\HARDEEP SINGH\.m2\repository\io\cucumber\cucumber-gherkin\7.10.1\cucumber-gherkin-7.10.1.jar;C:\Users\HARDEEP SINGH\.m2\repository\io\cucumber\cucumber-gherkin-messages\7.10.1\cucumber-gherkin-messages-7.10.1.jar;C:\Users\HARDEEP SINGH\.m2\repository\io\cucumber\gherkin\25.0.2\gherkin-25.0.2.jar;C:\Users\HARDEEP SINGH\.m2\repository\io\cucumber\messages\19.1.4\messages-19.1.4.jar;C:\Users\HARDEEP SINGH\.m2\repository\io\cucumber\tag-expressions\4.1.0\tag-expressions-4.1.0.jar;C:\Users\HARDEEP SINGH\.m2\repository\io\cucumber\cucumber-expressions\16.1.1\cucumber-expressions-16.1.1.jar;C:\Users\HARDEEP SINGH\.m2\repository\io\cucumber\datatable\7.10.1\datatable-7.10.1.jar;C:\Users\HARDEEP SINGH\.m2\repository\io\cucumber\cucumber-plugin\7.10.1\cucumber-plugin-7.10.1.jar;C:\Users\HARDEEP SINGH\.m2\repository\io\cucumber\docstring\7.10.1\docstring-7.10.1.jar;C:\Users\HARDEEP SINGH\.m2\repository\io\cucumber\html-formatter\20.2.0\html-formatter-20.2.0.jar;C:\Users\HARDEEP SINGH\.m2\repository\io\cucumber\ci-environment\9.1.0\ci-environment-9.1.0.jar;C:\Users\HARDEEP SINGH\.m2\repository\org\apiguardian\apiguardian-api\1.1.2\apiguardian-api-1.1.2.jar;C:\Users\HARDEEP SINGH\.m2\repository\com\google\inject\guice\4.2.3\guice-4.2.3.jar;C:\Users\HARDEEP SINGH\.m2\repository\javax\inject\javax.inject\1\javax.inject-1.jar;C:\Users\HARDEEP SINGH\.m2\repository\aopalliance\aopalliance\1.0\aopalliance-1.0.jar;C:\Users\HARDEEP SINGH\.m2\repository\com\github\javafaker\javafaker\1.0.2\javafaker-1.0.2.jar;C:\Users\HARDEEP SINGH\.m2\repository\org\apache\commons\commons-lang3\3.5\commons-lang3-3.5.jar;C:\Users\HARDEEP SINGH\.m2\repository\org\yaml\snakeyaml\1.23\snakeyaml-1.23-android.jar;C:\Users\HARDEEP SINGH\.m2\repository\com\github\mifmif\generex\1.0.2\generex-1.0.2.jar;C:\Users\HARDEEP SINGH\.m2\repository\dk\brics\automaton\automaton\1.11-8\automaton-1.11-8.jar;C:\Users\HARDEEP SINGH\.m2\repository\io\cucumber\cucumber-guice\7.10.1\cucumber-guice-7.10.1.jar;C:\Users\HARDEEP SINGH\.m2\repository\io\cucumber\cucumber-testng\7.10.1\cucumber-testng-7.10.1.jar;C:\Users\HARDEEP SINGH\.m2\repository\info\cukes\cucumber-testng\1.2.5\cucumber-testng-1.2.5.jar;C:\Users\HARDEEP SINGH\.m2\repository\info\cukes\cucumber-core\1.2.5\cucumber-core-1.2.5.jar;C:\Users\HARDEEP SINGH\.m2\repository\info\cukes\cucumber-html\0.2.3\cucumber-html-0.2.3.jar;C:\Users\HARDEEP SINGH\.m2\repository\info\cukes\cucumber-jvm-deps\1.0.5\cucumber-jvm-deps-1.0.5.jar;C:\Users\HARDEEP SINGH\.m2\repository\info\cukes\gherkin\2.12.2\gherkin-2.12.2.jar;C:\Users\HARDEEP SINGH\.m2\repository\io\cucumber\cucumber-java8\7.10.1\cucumber-java8-7.10.1.jar;C:\Users\HARDEEP SINGH\.m2\repository\net\jodah\typetools\0.6.3\typetools-0.6.3.jar;C:\Users\HARDEEP SINGH\.m2\repository\junit\junit\4.12\junit-4.12.jar;C:\Users\HARDEEP SINGH\.m2\repository\org\hamcrest\hamcrest-core\1.3\hamcrest-core-1.3.jar;C:\Users\HARDEEP SINGH\.m2\repository\com\vimalselvam\cucumber-extentsreport\3.0.2\cucumber-extentsreport-3.0.2.jar;C:\Users\HARDEEP SINGH\.m2\repository\org\apache\maven\plugins\maven-compiler-plugin\3.8.1\maven-compiler-plugin-3.8.1.jar;C:\Users\HARDEEP SINGH\.m2\repository\org\apache\maven\maven-plugin-api\3.0\maven-plugin-api-3.0.jar;C:\Users\HARDEEP SINGH\.m2\repository\org\apache\maven\maven-model\3.0\maven-model-3.0.jar;C:\Users\HARDEEP SINGH\.m2\repository\org\sonatype\sisu\sisu-inject-plexus\1.4.2\sisu-inject-plexus-1.4.2.jar;C:\Users\HARDEEP SINGH\.m2\repository\org\sonatype\sisu\sisu-inject-bean\1.4.2\sisu-inject-bean-1.4.2.jar;C:\Users\HARDEEP SINGH\.m2\repository\org\sonatype\sisu\sisu-guice\2.1.7\sisu-guice-2.1.7-noaop.jar;C:\Users\HARDEEP SINGH\.m2\repository\org\apache\maven\maven-artifact\3.0\maven-artifact-3.0.jar;C:\Users\HARDEEP SINGH\.m2\repository\org\codehaus\plexus\plexus-utils\2.0.4\plexus-utils-2.0.4.jar;C:\Users\HARDEEP SINGH\.m2\repository\org\apache\maven\maven-core\3.0\maven-core-3.0.jar;C:\Users\HARDEEP SINGH\.m2\repository\org\apache\maven\maven-settings\3.0\maven-settings-3.0.jar;C:\Users\HARDEEP SINGH\.m2\repository\org\apache\maven\maven-settings-builder\3.0\maven-settings-builder-3.0.jar;C:\Users\HARDEEP SINGH\.m2\repository\org\apache\maven\maven-repository-metadata\3.0\maven-repository-metadata-3.0.jar;C:\Users\HARDEEP SINGH\.m2\repository\org\apache\maven\maven-model-builder\3.0\maven-model-builder-3.0.jar;C:\Users\HARDEEP SINGH\.m2\repository\org\apache\maven\maven-aether-provider\3.0\maven-aether-provider-3.0.jar;C:\Users\HARDEEP SINGH\.m2\repository\org\sonatype\aether\aether-impl\1.7\aether-impl-1.7.jar;C:\Users\HARDEEP SINGH\.m2\repository\org\sonatype\aether\aether-spi\1.7\aether-spi-1.7.jar;C:\Users\HARDEEP SINGH\.m2\repository\org\sonatype\aether\aether-api\1.7\aether-api-1.7.jar;C:\Users\HARDEEP SINGH\.m2\repository\org\sonatype\aether\aether-util\1.7\aether-util-1.7.jar;C:\Users\HARDEEP SINGH\.m2\repository\org\codehaus\plexus\plexus-interpolation\1.14\plexus-interpolation-1.14.jar;C:\Users\HARDEEP SINGH\.m2\repository\org\codehaus\plexus\plexus-classworlds\2.2.3\plexus-classworlds-2.2.3.jar;C:\Users\HARDEEP SINGH\.m2\repository\org\codehaus\plexus\plexus-component-annotations\1.5.5\plexus-component-annotations-1.5.5.jar;C:\Users\HARDEEP SINGH\.m2\repository\org\sonatype\plexus\plexus-sec-dispatcher\1.3\plexus-sec-dispatcher-1.3.jar;C:\Users\HARDEEP SINGH\.m2\repository\org\sonatype\plexus\plexus-cipher\1.4\plexus-cipher-1.4.jar;C:\Users\HARDEEP SINGH\.m2\repository\org\apache\maven\shared\maven-shared-utils\3.2.1\maven-shared-utils-3.2.1.jar;C:\Users\HARDEEP SINGH\.m2\repository\commons-io\commons-io\2.5\commons-io-2.5.jar;C:\Users\HARDEEP SINGH\.m2\repository\org\apache\maven\shared\maven-shared-incremental\1.1\maven-shared-incremental-1.1.jar;C:\Users\HARDEEP SINGH\.m2\repository\org\codehaus\plexus\plexus-java\0.9.10\plexus-java-0.9.10.jar;C:\Users\HARDEEP SINGH\.m2\repository\org\ow2\asm\asm\6.2\asm-6.2.jar;C:\Users\HARDEEP SINGH\.m2\repository\com\thoughtworks\qdox\qdox\2.0-M8\qdox-2.0-M8.jar;C:\Users\HARDEEP SINGH\.m2\repository\org\codehaus\plexus\plexus-compiler-api\2.8.4\plexus-compiler-api-2.8.4.jar;C:\Users\HARDEEP SINGH\.m2\repository\org\codehaus\plexus\plexus-compiler-manager\2.8.4\plexus-compiler-manager-2.8.4.jar;C:\Users\HARDEEP SINGH\.m2\repository\org\codehaus\plexus\plexus-compiler-javac\2.8.4\plexus-compiler-javac-2.8.4.jar;C:\Users\HARDEEP SINGH\.m2\repository\org\apache\poi\poi-ooxml\3.9\poi-ooxml-3.9.jar;C:\Users\HARDEEP SINGH\.m2\repository\org\apache\poi\poi\3.9\poi-3.9.jar;C:\Users\HARDEEP SINGH\.m2\repository\commons-codec\commons-codec\1.5\commons-codec-1.5.jar;C:\Users\HARDEEP SINGH\.m2\repository\org\apache\poi\poi-ooxml-schemas\3.9\poi-ooxml-schemas-3.9.jar;C:\Users\HARDEEP SINGH\.m2\repository\org\apache\xmlbeans\xmlbeans\2.3.0\xmlbeans-2.3.0.jar;C:\Users\HARDEEP SINGH\.m2\repository\stax\stax-api\1.0.1\stax-api-1.0.1.jar;C:\Users\HARDEEP SINGH\.m2\repository\dom4j\dom4j\1.6.1\dom4j-1.6.1.jar;C:\Users\HARDEEP SINGH\.m2\repository\xml-apis\xml-apis\1.0.b2\xml-apis-1.0.b2.jar;C:\Users\HARDEEP SINGH\.m2\repository\com\aventstack\extentreports\3.1.2\extentreports-3.1.2.jar;C:\Users\HARDEEP SINGH\.m2\repository\org\freemarker\freemarker\2.3.23\freemarker-2.3.23.jar;C:\Users\HARDEEP SINGH\.m2\repository\org\mongodb\mongodb-driver\3.3.0\mongodb-driver-3.3.0.jar;C:\Users\HARDEEP SINGH\.m2\repository\org\mongodb\bson\3.3.0\bson-3.3.0.jar;C:\Users\HARDEEP SINGH\.m2\repository\org\mongodb\mongodb-driver-core\3.3.0\mongodb-driver-core-3.3.0.jar;C:\Users\HARDEEP SINGH\.m2\repository\org\apache\httpcomponents\httpclient\4.5.2\httpclient-4.5.2.jar;C:\Users\HARDEEP SINGH\.m2\repository\org\apache\httpcomponents\httpcore\4.4.4\httpcore-4.4.4.jar;C:\Users\HARDEEP SINGH\.m2\repository\org\apache\httpcomponents\httpmime\4.5.2\httpmime-4.5.2.jar;C:\Users\HARDEEP SINGH\.m2\repository\org\jsoup\jsoup\1.9.2\jsoup-1.9.2.jar;C:\Users\HARDEEP SINGH\.m2\repository\com\google\code\gson\gson\2.8.0\gson-2.8.0.jar;C:\Users\HARDEEP SINGH\.m2\repository\log4j\log4j\1.2.17\log4j-1.2.17.jar;C:\Users\HARDEEP SINGH\.m2\repository\org\ini4j\ini4j\0.5.4\ini4j-0.5.4.jar;C:\Users\HARDEEP SINGH\.m2\repository\org\testng\testng\7.7.0\testng-7.7.0.jar;C:\Users\HARDEEP SINGH\.m2\repository\org\slf4j\slf4j-api\1.7.36\slf4j-api-1.7.36.jar;C:\Users\HARDEEP SINGH\.m2\repository\org\webjars\jquery\3.6.1\jquery-3.6.1.jar;C:\Users\HARDEEP SINGH\.m2\repository\com\github\slaout\fork\info\cukesthreads\cucumber-junit\1.2.4\cucumber-junit-1.2.4.jar;C:\Users\HARDEEP SINGH\.m2\repository\com\github\slaout\fork\info\cukesthreads\cucumber-core\1.2.4\cucumber-core-1.2.4.jar;C:\Users\HARDEEP SINGH\.m2\repository\com\github\slaout\fork\info\cukesthreads\cucumber-java\1.2.4\cucumber-java-1.2.4.jar;C:\Users\HARDEEP SINGH\.m2\repository\commons-configuration\commons-configuration\1.9\commons-configuration-1.9.jar;C:\Users\HARDEEP SINGH\.m2\repository\commons-lang\commons-lang\2.6\commons-lang-2.6.jar;C:\Users\HARDEEP SINGH\.m2\repository\commons-logging\commons-logging\1.1.1\commons-logging-1.1.1.jar;"/>
    <property name="sun.cpu.endian" value="little"/>
    <property name="user.home" value="C:\Users\HARDEEP SINGH"/>
    <property name="user.language" value="en"/>
    <property name="java.specification.vendor" value="Oracle Corporation"/>
    <property name="java.version.date" value="2022-07-19"/>
    <property name="java.home" value="C:\Program Files\Java\jdk-11.0.16"/>
    <property name="file.separator" value="\"/>
    <property name="basedir" value="C:\Users\HARDEEP SINGH\eclipse-workspace\Automation_VS_New"/>
    <property name="java.vm.compressedOopsMode" value="32-bit"/>
    <property name="line.separator" value="&#10;"/>
    <property name="java.specification.name" value="Java Platform API Specification"/>
    <property name="java.vm.specification.vendor" value="Oracle Corporation"/>
    <property name="java.awt.graphicsenv" value="sun.awt.Win32GraphicsEnvironment"/>
    <property name="surefire.real.class.path" value="C:\Users\HARDEEP SINGH\AppData\Local\Temp\surefire3932317235527422207\surefirebooter3731849463867965715.jar"/>
    <property name="user.script" value=""/>
    <property name="sun.management.compiler" value="HotSpot 64-Bit Tiered Compilers"/>
    <property name="java.runtime.version" value="11.0.16+11-LTS-199"/>
    <property name="user.name" value="HARDEEP SINGH"/>
    <property name="path.separator" value=";"/>
    <property name="os.version" value="10.0"/>
    <property name="java.runtime.name" value="Java(TM) SE Runtime Environment"/>
    <property name="file.encoding" value="Cp1252"/>
    <property name="java.vm.name" value="Java HotSpot(TM) 64-Bit Server VM"/>
    <property name="java.vendor.version" value="18.9"/>
    <property name="localRepository" value="C:\Users\HARDEEP SINGH\.m2\repository"/>
    <property name="java.vendor.url.bug" value="https://bugreport.java.com/bugreport/"/>
    <property name="java.io.tmpdir" value="C:\Users\HARDEE~1\AppData\Local\Temp\"/>
    <property name="java.version" value="11.0.16"/>
    <property name="user.dir" value="C:\Users\HARDEEP SINGH\eclipse-workspace\Automation_VS_New"/>
    <property name="os.arch" value="amd64"/>
    <property name="java.vm.specification.name" value="Java Virtual Machine Specification"/>
    <property name="java.awt.printerjob" value="sun.awt.windows.WPrinterJob"/>
    <property name="sun.os.patch.level" value=""/>
    <property name="java.library.path" value="C:\Program Files\Java\jdk-11.0.16\bin;C:\WINDOWS\Sun\Java\bin;C:\WINDOWS\system32;C:\WINDOWS;C:\Program Files\Common Files\Oracle\Java\javapath;C:\ProgramData\Oracle\Java\javapath;C:\Windows\system32;C:\Windows;C:\Windows\System32\Wbem;C:\Windows\System32\WindowsPowerShell\v1.0\;C:\Program Files (x86)\NVIDIA Corporation\PhysX\Common;C:\WINDOWS\system32;C:\WINDOWS;C:\WINDOWS\System32\Wbem;C:\WINDOWS\System32\WindowsPowerShell\v1.0\;C:\WINDOWS\System32\OpenSSH\;C:\Users\HARDEEP SINGH\apache-maven-3.8.5\bin;C:\Program Files\Java\jdk1.8.0_321\bin;C:\Program Files\Git\cmd;C:\Users\HARDEEP SINGH\AppData\Local\Microsoft\WindowsApps;C:\Users\HARDEEP SINGH\apache-maven-3.8.5\bin;;."/>
    <property name="java.vendor" value="Oracle Corporation"/>
    <property name="java.vm.info" value="mixed mode"/>
    <property name="java.vm.version" value="11.0.16+11-LTS-199"/>
    <property name="org.freemarker.loggerLibrary" value="none"/>
    <property name="sun.io.unicode.encoding" value="UnicodeLittle"/>
    <property name="java.class.version" value="55.0"/>
  </properties>
  <testcase name="feature[SignUp](1)" classname="com.vs.executor.CukeExecutor" time="9.869">
    <system-out><![CDATA[2023-01-19 21:16:23 INFO  - [class com.vs.executor.CukeExecutor] : Initiating drivers
2023-01-19 21:16:23 INFO  - [class com.vs.initdriver.RDPDriver] : Setup the new driver
2023-01-19 21:16:27 INFO  - [class com.vs.initdriver.RDPDriver] : Created Chrome driver instace
2023-01-19 21:16:27 INFO  - [class com.vs.initdriver.RDPDriver] : Maximize the explorer window
2023-01-19 21:16:27 INFO  - [class com.vs.executor.CukeExecutor] : Initialisation of drivers is completed successfully
2023-01-19 21:16:30 DEBUG - FileName set to C:\Users\HARDEEP SINGH\eclipse-workspace\Automation_VS_New\src\main\resources\properties\PropertyCache.properties
2023-01-19 21:16:30 DEBUG - ConfigurationUtils.locate(): base is null, name is C:\Users\HARDEEP SINGH\eclipse-workspace\Automation_VS_New\src\main\resources\properties\PropertyCache.properties
2023-01-19 21:16:30 DEBUG - Could not locate file C:\Users\HARDEEP SINGH\eclipse-workspace\Automation_VS_New\src\main\resources\properties\PropertyCache.properties at null: unknown protocol: c
2023-01-19 21:16:30 DEBUG - Loading configuration from the absolute path C:\Users\HARDEEP SINGH\eclipse-workspace\Automation_VS_New\src\main\resources\properties\PropertyCache.properties
2023-01-19 21:16:30 DEBUG - Base path set to file:///C:/Users/HARDEEP%20SINGH/eclipse-workspace/Automation_VS_New/src/main/resources/properties/PropertyCache.properties
2023-01-19 21:16:30 INFO  - [class com.vs.config.PropertiesCache] : Created Properties Configuration Object for IO operation of Property Cache File: PropertyCache.properties
2023-01-19 21:16:38 INFO  - [class com.vs.libraries.GenericLib] : URL launched
2023-01-19 21:16:38 INFO  - [class com.vs.executor.CukeExecutor] : Url has Opened
]]></system-out>
    <system-err><![CDATA[SLF4J: Failed to load class "org.slf4j.impl.StaticLoggerBinder".
SLF4J: Defaulting to no-operation (NOP) logger implementation
SLF4J: See http://www.slf4j.org/codes.html#StaticLoggerBinder for further details.
Starting ChromeDriver 109.0.5414.74 (e7c5703604daa9cc128ccf5a5d3e993513758913-refs/branch-heads/5414@{#1172}) on port 19508
Only local connections are allowed.
Please see https://chromedriver.chromium.org/security-considerations for suggestions on keeping ChromeDriver safe.
ChromeDriver was started successfully.
Jan 19, 2023 9:16:27 PM org.openqa.selenium.remote.ProtocolHandshake createSession
INFO: Detected dialect: W3C
]]></system-err>
  </testcase>
</testsuite>