<?xml version="1.0" encoding="UTF-8"?>
<!-- Generated by org.testng.reporters.JUnitReportReporter -->
<testsuite hostname="LAPTOP-LE4FMNOG" failures="0" tests="1" name="com.vs.executor.CukeExecutor" time="12.467" errors="0" timestamp="2023-01-19T20:50:19 IST" skipped="0">
  <testcase classname="com.vs.executor.CukeExecutor" name="feature" time="12.467"/>
  <system-out/>
</testsuite> <!-- com.vs.executor.CukeExecutor -->
