<?xml version="1.0" encoding="UTF-8"?>
<!-- Generated by org.testng.reporters.JUnitReportReporter -->
<testsuite hostname="LAPTOP-LE4FMNOG" failures="0" tests="1" name="com.vs.executor.CukeExecutor" time="4.849" errors="0" timestamp="2023-01-19T19:40:48 IST" skipped="0">
  <testcase classname="com.vs.executor.CukeExecutor" name="feature" time="4.849"/>
  <system-out/>
</testsuite> <!-- com.vs.executor.CukeExecutor -->
